<?xml version="1.0" encoding="UTF-8"?>
<azure>
	<board name="Intershop" url="https://dev.azure.com/foobar">
		<!-- Pipelet 'GetSubString' is not thread-safe -->
		<issue key="f0668c0985416c7537aaee46c3b25cca" work-item-id="ENFINITY-17360" />
		<issue key="624e0010351fcfa982c6f42542024fdd" work-item-id="ENFINITY-17361" />
		<issue key="fb9bde232afa7f6ed1674649bf0de76a" work-item-id="ENFINITY-17362" />
	</board>
</azure>
